Building DAG of jobs...
Retrieving input from storage.
Using shell: /bin/bash
Provided cores: -1 (use --cores to define parallelism)
Rules claiming more threads will be scaled down.
Job stats:
job                  count
-----------------  -------
get_all_archive          1
get_all_filenames        1
get_inventory            1
get_station              1
targets                  1
total                    5

Select jobs to execute...
Execute 3 jobs...

[Mon Jan  1 14:42:58 2024]
localrule get_inventory:
    input: code/get_GHCNDdata_master.sh
    output: data/ghcnd-inventory.txt
    jobid: 2
    reason: Updated input files: code/get_GHCNDdata_master.sh
    threads: -1
    resources: tmpdir=/var/folders/dp/zbhx5vbx6xs829c59bqhtd2jpvxf3m/T


[Mon Jan  1 14:42:58 2024]
localrule get_all_archive:
    input: code/get_GHCNDdata_master.sh
    output: data/ghcnd_all.tar.gz
    jobid: 1
    reason: Updated input files: code/get_GHCNDdata_master.sh
    threads: -1
    resources: tmpdir=/var/folders/dp/zbhx5vbx6xs829c59bqhtd2jpvxf3m/T


[Mon Jan  1 14:42:58 2024]
localrule get_station:
    input: code/get_GHCNDdata_master.sh
    output: data/ghcnd-stations.txt
    jobid: 3
    reason: Updated input files: code/get_GHCNDdata_master.sh
    threads: -1
    resources: tmpdir=/var/folders/dp/zbhx5vbx6xs829c59bqhtd2jpvxf3m/T

[Mon Jan  1 14:43:13 2024]
Finished job 3.
1 of 5 steps (20%) done
[Mon Jan  1 14:43:18 2024]
Finished job 2.
2 of 5 steps (40%) done
[Mon Jan  1 15:07:04 2024]
Finished job 1.
3 of 5 steps (60%) done
Select jobs to execute...
Execute 1 jobs...

[Mon Jan  1 15:07:04 2024]
localrule get_all_filenames:
    input: code/get_ghcnd_allfiles.sh, data/ghcnd_all.tar.gz
    output: data/ghcnd_all_files.txt
    jobid: 4
    reason: Input files updated by another job: data/ghcnd_all.tar.gz
    threads: -1
    resources: tmpdir=/var/folders/dp/zbhx5vbx6xs829c59bqhtd2jpvxf3m/T

[Mon Jan  1 15:07:19 2024]
Finished job 4.
4 of 5 steps (80%) done
Select jobs to execute...
Execute 1 jobs...

[Mon Jan  1 15:07:19 2024]
localrule targets:
    input: data/ghcnd_all.tar.gz, data/ghcnd-inventory.txt, data/ghcnd-stations.txt, data/ghcnd_all_files.txt
    jobid: 0
    reason: Input files updated by another job: data/ghcnd_all_files.txt, data/ghcnd-stations.txt, data/ghcnd-inventory.txt, data/ghcnd_all.tar.gz
    threads: -1
    resources: tmpdir=/var/folders/dp/zbhx5vbx6xs829c59bqhtd2jpvxf3m/T

[Mon Jan  1 15:07:19 2024]
Finished job 0.
5 of 5 steps (100%) done
Complete log: .snakemake/log/2024-01-01T144258.698459.snakemake.log
