Building DAG of jobs...
Retrieving input from storage.
Using shell: /bin/bash
Provided cores: 1 (use --cores to define parallelism)
Rules claiming more threads will be scaled down.
Job stats:
job                  count
-----------------  -------
get_all_filenames        1
targets                  1
total                    2

Select jobs to execute...
Execute 1 jobs...

[Mon Jan  1 15:22:22 2024]
localrule get_all_filenames:
    input: code/get_ghcnd_allfiles.sh, data/ghcnd_all.tar.gz
    output: data/ghcnd_all_files.txt
    jobid: 4
    reason: Updated input files: code/get_ghcnd_allfiles.sh
    resources: tmpdir=/var/folders/dp/zbhx5vbx6xs829c59bqhtd2jpvxf3m/T

[Mon Jan  1 15:22:36 2024]
Finished job 4.
1 of 2 steps (50%) done
Select jobs to execute...
Execute 1 jobs...

[Mon Jan  1 15:22:36 2024]
localrule targets:
    input: data/ghcnd_all.tar.gz, data/ghcnd-inventory.txt, data/ghcnd-stations.txt, data/ghcnd_all_files.txt
    jobid: 0
    reason: Input files updated by another job: data/ghcnd_all_files.txt
    resources: tmpdir=/var/folders/dp/zbhx5vbx6xs829c59bqhtd2jpvxf3m/T

[Mon Jan  1 15:22:36 2024]
Finished job 0.
2 of 2 steps (100%) done
Complete log: .snakemake/log/2024-01-01T152221.687435.snakemake.log
